Copyright 1986-2022 Xilinx, Inc. All Rights Reserved.
--------------------------------------------------------------------------------------------------------------------------------------------------------------------
| Tool Version : Vivado v.2022.1 (lin64) Build 3526262 Mon Apr 18 15:47:01 MDT 2022
| Date         : Thu Nov 30 20:14:32 2023
| Host         : sako-c-ubuntu running 64-bit Ubuntu 22.04.3 LTS
| Command      : report_methodology -file SPI_Master_methodology_drc_routed.rpt -pb SPI_Master_methodology_drc_routed.pb -rpx SPI_Master_methodology_drc_routed.rpx
| Design       : SPI_Master
| Device       : xc7z010clg400-1
| Speed File   : -1
| Design State : Fully Routed
--------------------------------------------------------------------------------------------------------------------------------------------------------------------

Report Methodology

Table of Contents
-----------------
1. REPORT SUMMARY
2. REPORT DETAILS

1. REPORT SUMMARY
-----------------
            Netlist: netlist
          Floorplan: design_1
      Design limits: <entire design considered>
             Max violations: <unlimited>
             Violations found: 0
+------+----------+-------------+------------+
| Rule | Severity | Description | Violations |
+------+----------+-------------+------------+
+------+----------+-------------+------------+

2. REPORT DETAILS
-----------------

